<?xml version="1.0" encoding="UTF-8"?>
<testng-results skipped="0" failed="0" ignored="0" total="1" passed="1">
  <reporter-output>
    <line>
      <![CDATA[Required page is displayed]]>
    </line>
    <line>
      <![CDATA[Required page is displayed]]>
    </line>
    <line>
      <![CDATA[Test:testOrangeTC1is Passed]]>
    </line>
  </reporter-output>
  <suite name="Default suite" duration-ms="27974" started-at="2018-10-12T14:49:29Z" finished-at="2018-10-12T14:49:57Z">
    <groups>
    </groups>
    <test name="Default test" duration-ms="27974" started-at="2018-10-12T14:49:29Z" finished-at="2018-10-12T14:49:57Z">
      <class name="script.OrangeTC1">
        <test-method status="PASS" signature="openApp(java.lang.String, java.lang.String)[pri:0, instance:script.OrangeTC1@754ba872]" name="openApp" is-config="true" duration-ms="11146" started-at="2018-10-12T14:49:30Z" finished-at="2018-10-12T14:49:41Z">
          <params>
            <param index="0">
              <value>
                <![CDATA[localhost]]>
              </value>
            </param>
            <param index="1">
              <value>
                <![CDATA[chrome]]>
              </value>
            </param>
          </params>
          <reporter-output>
          </reporter-output>
        </test-method> <!-- openApp -->
        <test-method status="PASS" signature="testOrangeTC1()[pri:1, instance:script.OrangeTC1@754ba872]" name="testOrangeTC1" duration-ms="15166" started-at="2018-10-12T14:49:41Z" finished-at="2018-10-12T14:49:56Z">
          <reporter-output>
            <line>
              <![CDATA[Required page is displayed]]>
            </line>
            <line>
              <![CDATA[Required page is displayed]]>
            </line>
          </reporter-output>
        </test-method> <!-- testOrangeTC1 -->
        <test-method status="PASS" signature="closeApp(org.testng.ITestResult)[pri:0, instance:script.OrangeTC1@754ba872]" name="closeApp" is-config="true" duration-ms="1538" started-at="2018-10-12T14:49:56Z" finished-at="2018-10-12T14:49:57Z">
          <params>
            <param index="0">
              <value>
                <![CDATA[[TestResult name=testOrangeTC1 status=SUCCESS method=OrangeTC1.testOrangeTC1()[pri:1, instance:script.OrangeTC1@754ba872] output=Required page is displayed]]]>
              </value>
            </param>
          </params>
          <reporter-output>
            <line>
              <![CDATA[Test:testOrangeTC1is Passed]]>
            </line>
          </reporter-output>
        </test-method> <!-- closeApp -->
      </class> <!-- script.OrangeTC1 -->
    </test> <!-- Default test -->
  </suite> <!-- Default suite -->
</testng-results>
